#
# There is insufficient memory for the Java Runtime Environment to continue.
# Native memory allocation (mmap) failed to map 266338304 bytes. Error detail: G1 virtual space
# Possible reasons:
#   The system is out of physical RAM or swap space
#   This process is running with CompressedOops enabled, and the Java Heap may be blocking the growth of the native heap
# Possible solutions:
#   Reduce memory load on the system
#   Increase physical memory or swap space
#   Check if swap backing store is full
#   Decrease Java heap size (-Xmx/-Xms)
#   Decrease number of Java threads
#   Decrease Java thread stack sizes (-Xss)
#   Set larger code cache with -XX:ReservedCodeCacheSize=
#   JVM is running with Zero Based Compressed Oops mode in which the Java heap is
#     placed in the first 32GB address space. The Java Heap base address is the
#     maximum limit for the native heap growth. Please use -XX:HeapBaseMinAddress
#     to set the Java Heap base and to place the Java Heap above 32GB virtual address.
# This output file may be truncated or incomplete.
#
#  Out of Memory Error (os_windows.cpp:3825), pid=7140, tid=21768
#
# JRE version:  (17.0.11+1) (build )
# Java VM: OpenJDK 64-Bit Server VM (17.0.11+1-b1312.2, mixed mode, emulated-client, sharing, tiered, compressed oops, compressed class ptrs, g1 gc, windows-amd64)
# No core dump will be written. Minidumps are not enabled by default on client versions of Windows
#

---------------  S U M M A R Y ------------

Command Line: -XX:TieredStopAtLevel=1 -Dspring.output.ansi.enabled=always -Dcom.sun.management.jmxremote -Dspring.jmx.enabled=true -Dspring.liveBeansView.mbeanDomain -Dspring.application.admin.enabled=true -Dmanagement.endpoints.jmx.exposure.include=* -javaagent:C:\Program Files\JetBrains\IntelliJ IDEA 2024.2.0.2\lib\idea_rt.jar=61061:C:\Program Files\JetBrains\IntelliJ IDEA 2024.2.0.2\bin -Dfile.encoding=UTF-8 shop.freenanum.trade.TradeApplication

Host: Intel(R) Core(TM) i7-9700 CPU @ 3.00GHz, 8 cores, 15G,  Windows 11 , 64 bit Build 22621 (10.0.22621.3958)
Time: Sat Nov  9 17:51:17 2024  Windows 11 , 64 bit Build 22621 (10.0.22621.3958) elapsed time: 0.018276 seconds (0d 0h 0m 0s)

---------------  T H R E A D  ---------------

Current thread (0x0000028692d3d420):  JavaThread "Unknown thread" [_thread_in_vm, id=21768, stack(0x000000fd51200000,0x000000fd51300000)]

Stack: [0x000000fd51200000,0x000000fd51300000]
Native frames: (J=compiled Java code, j=interpreted, Vv=VM code, C=native code)
V  [jvm.dll+0x687839]  os::platform_print_native_stack+0xd9  (os_windows_x86.cpp:235)
V  [jvm.dll+0x8411ea]  VMError::report+0xc6a  (vmError.cpp:868)
V  [jvm.dll+0x842e6e]  VMError::report_and_die+0x78e  (vmError.cpp:1766)
V  [jvm.dll+0x8434d3]  VMError::report_and_die+0x43  (vmError.cpp:1552)
V  [jvm.dll+0x249faf]  report_vm_out_of_memory+0x8f  (debug.cpp:321)
V  [jvm.dll+0x684609]  os::pd_commit_memory_or_exit+0xc9  (os_windows.cpp:3833)
V  [jvm.dll+0x678eba]  os::commit_memory_or_exit+0x2a  (os.cpp:1732)
V  [jvm.dll+0x30ab1b]  G1PageBasedVirtualSpace::commit+0x19b  (g1PageBasedVirtualSpace.cpp:204)
V  [jvm.dll+0x311fc6]  G1RegionsLargerThanCommitSizeMapper::commit_regions+0x96  (g1RegionToSpaceMapper.cpp:100)
V  [jvm.dll+0x361a2e]  HeapRegionManager::expand_any+0xee  (heapRegionManager.cpp:363)
V  [jvm.dll+0x361c5f]  HeapRegionManager::expand_by+0x7f  (heapRegionManager.cpp:380)
V  [jvm.dll+0x2e0948]  G1CollectedHeap::expand+0xb8  (g1CollectedHeap.cpp:1298)
V  [jvm.dll+0x2e18b4]  G1CollectedHeap::initialize+0x664  (g1CollectedHeap.cpp:1719)
V  [jvm.dll+0x811cb1]  universe_init+0xb1  (universe.cpp:737)
V  [jvm.dll+0x36f798]  init_globals+0x48  (init.cpp:131)
V  [jvm.dll+0x7f0636]  Threads::create_vm+0x5d6  (thread.cpp:2909)
V  [jvm.dll+0x3f395f]  JNI_CreateJavaVM_inner+0x8f  (jni.cpp:3654)
V  [jvm.dll+0x3f5511]  JNI_CreateJavaVM+0x11  (jni.cpp:3746)
C  [jli.dll+0x528f]  JavaMain+0x113  (java.c:413)
C  [ucrtbase.dll+0x29333]
C  [KERNEL32.DLL+0x1257d]
C  [ntdll.dll+0x5af08]


---------------  P R O C E S S  ---------------

Threads class SMR info:
_java_thread_list=0x00007ffd8184efd8, length=0, elements={
}

Java Threads: ( => current thread )

Other Threads:
  0x0000028692da9c80 GCTaskThread "GC Thread#0" [stack: 0x000000fd51300000,0x000000fd51400000] [id=10736]
  0x0000028692dba950 ConcurrentGCThread "G1 Main Marker" [stack: 0x000000fd51400000,0x000000fd51500000] [id=27508]
  0x0000028692dbb370 ConcurrentGCThread "G1 Conc#0" [stack: 0x000000fd51500000,0x000000fd51600000] [id=26664]

[error occurred during error reporting (printing all threads), id 0xc0000005, EXCEPTION_ACCESS_VIOLATION (0xc0000005) at pc=0x00007ffd81001517]

VM state: not at safepoint (not fully initialized)

VM Mutex/Monitor currently owned by a thread:  ([mutex/lock_event])
[0x0000028692d39b70] Heap_lock - owner thread: 0x0000028692d3d420

Heap address: 0x0000000702800000, size: 4056 MB, Compressed Oops mode: Zero based, Oop shift amount: 3

CDS archive(s) mapped at: [0x0000000000000000-0x0000000000000000-0x0000000000000000), size 0, SharedBaseAddress: 0x0000000800000000, ArchiveRelocationMode: 1.
Narrow klass base: 0x0000000000000000, Narrow klass shift: 0, Narrow klass range: 0x0

GC Precious Log:
<Empty>

Heap:
 garbage-first heap   total 0K, used 0K [0x0000000702800000, 0x0000000800000000)
  region size 2048K, 0 young (0K), 0 survivors (0K)
 Metaspace       used 0K, committed 0K, reserved 0K
  class space    used 0K, committed 0K, reserved 0K

Heap Regions: E=young(eden), S=young(survivor), O=old, HS=humongous(starts), HC=humongous(continues), CS=collection set, F=free, OA=open archive, CA=closed archive, TAMS=top-at-mark-start (previous, next)

Card table byte_map: [0x0000028699de0000,0x000002869a5d0000] _byte_map_base: 0x00000286965cc000

Marking Bits (Prev, Next): (CMBitMap*) 0x0000028692daa2a0, (CMBitMap*) 0x0000028692daa2e0
 Prev Bits: [0x000002869adc0000, 0x000002869ed20000)
 Next Bits: [0x000002869ed20000, 0x00000286a2c80000)

GC Heap History (0 events):
No events

Dll operation events (1 events):
Event: 0.010 Loaded shared library C:\Users\bitcamp\.jdks\jbr-17.0.11\bin\java.dll

Deoptimization events (0 events):
No events

Classes unloaded (0 events):
No events

Classes redefined (0 events):
No events

Internal exceptions (0 events):
No events

VM Operations (0 events):
No events

Events (0 events):
No events


Dynamic libraries:
0x00007ff77ad30000 - 0x00007ff77ad3a000 	C:\Users\bitcamp\.jdks\jbr-17.0.11\bin\java.exe
0x00007ffe20670000 - 0x00007ffe20887000 	C:\Windows\SYSTEM32\ntdll.dll
0x00007ffe1eb00000 - 0x00007ffe1ebc4000 	C:\Windows\System32\KERNEL32.DLL
0x00007ffe1da50000 - 0x00007ffe1de07000 	C:\Windows\System32\KERNELBASE.dll
0x00007ffe1e280000 - 0x00007ffe1e391000 	C:\Windows\System32\ucrtbase.dll
0x00007ffe0e0f0000 - 0x00007ffe0e107000 	C:\Users\bitcamp\.jdks\jbr-17.0.11\bin\jli.dll
0x00007ffe1a2b0000 - 0x00007ffe1a2cb000 	C:\Users\bitcamp\.jdks\jbr-17.0.11\bin\VCRUNTIME140.dll
0x00007ffe1ebd0000 - 0x00007ffe1ed7f000 	C:\Windows\System32\USER32.dll
0x00007ffe1da20000 - 0x00007ffe1da46000 	C:\Windows\System32\win32u.dll
0x00007ffe1ea50000 - 0x00007ffe1ea79000 	C:\Windows\System32\GDI32.dll
0x00007ffe00640000 - 0x00007ffe008d3000 	C:\Windows\WinSxS\amd64_microsoft.windows.common-controls_6595b64144ccf1df_6.0.22621.3672_none_2713b9d173822955\COMCTL32.dll
0x00007ffe1de10000 - 0x00007ffe1df28000 	C:\Windows\System32\gdi32full.dll
0x00007ffe1feb0000 - 0x00007ffe1ff57000 	C:\Windows\System32\msvcrt.dll
0x00007ffe1d980000 - 0x00007ffe1da1a000 	C:\Windows\System32\msvcp_win.dll
0x00007ffe1fdd0000 - 0x00007ffe1fe01000 	C:\Windows\System32\IMM32.DLL
0x00007ffe1aac0000 - 0x00007ffe1aacc000 	C:\Users\bitcamp\.jdks\jbr-17.0.11\bin\vcruntime140_1.dll
0x00007ffd9fba0000 - 0x00007ffd9fc2d000 	C:\Users\bitcamp\.jdks\jbr-17.0.11\bin\msvcp140.dll
0x00007ffd80d10000 - 0x00007ffd81993000 	C:\Users\bitcamp\.jdks\jbr-17.0.11\bin\server\jvm.dll
0x00007ffe20570000 - 0x00007ffe20622000 	C:\Windows\System32\ADVAPI32.dll
0x00007ffe1ff60000 - 0x00007ffe20008000 	C:\Windows\System32\sechost.dll
0x00007ffe1df30000 - 0x00007ffe1df58000 	C:\Windows\System32\bcrypt.dll
0x00007ffe1f670000 - 0x00007ffe1f784000 	C:\Windows\System32\RPCRT4.dll
0x00007ffe1aad0000 - 0x00007ffe1aad9000 	C:\Windows\SYSTEM32\WSOCK32.dll
0x00007ffe1d850000 - 0x00007ffe1d89d000 	C:\Windows\SYSTEM32\POWRPROF.dll
0x00007ffe1ed80000 - 0x00007ffe1edf1000 	C:\Windows\System32\WS2_32.dll
0x00007ffe17380000 - 0x00007ffe1738a000 	C:\Windows\SYSTEM32\VERSION.dll
0x00007ffe0c8c0000 - 0x00007ffe0c8f4000 	C:\Windows\SYSTEM32\WINMM.dll
0x00007ffe1d780000 - 0x00007ffe1d793000 	C:\Windows\SYSTEM32\UMPDC.dll
0x00007ffe1c930000 - 0x00007ffe1c948000 	C:\Windows\SYSTEM32\kernel.appcore.dll
0x00007ffe19840000 - 0x00007ffe1984a000 	C:\Users\bitcamp\.jdks\jbr-17.0.11\bin\jimage.dll
0x00007ffdffd70000 - 0x00007ffdfffa2000 	C:\Windows\SYSTEM32\DBGHELP.DLL
0x00007ffe1e6c0000 - 0x00007ffe1ea4e000 	C:\Windows\System32\combase.dll
0x00007ffe20110000 - 0x00007ffe201e7000 	C:\Windows\System32\OLEAUT32.dll
0x00007ffe00310000 - 0x00007ffe00342000 	C:\Windows\SYSTEM32\dbgcore.DLL
0x00007ffe1e200000 - 0x00007ffe1e27b000 	C:\Windows\System32\bcryptPrimitives.dll
0x00007ffe0d6f0000 - 0x00007ffe0d6fe000 	C:\Users\bitcamp\.jdks\jbr-17.0.11\bin\instrument.dll
0x00007ffdcf740000 - 0x00007ffdcf765000 	C:\Users\bitcamp\.jdks\jbr-17.0.11\bin\java.dll

dbghelp: loaded successfully - version: 4.0.5 - missing functions: none
symbol engine: initialized successfully - sym options: 0x614 - pdb path: .;C:\Users\bitcamp\.jdks\jbr-17.0.11\bin;C:\Windows\SYSTEM32;C:\Windows\WinSxS\amd64_microsoft.windows.common-controls_6595b64144ccf1df_6.0.22621.3672_none_2713b9d173822955;C:\Users\bitcamp\.jdks\jbr-17.0.11\bin\server

VM Arguments:
jvm_args: -XX:TieredStopAtLevel=1 -Dspring.output.ansi.enabled=always -Dcom.sun.management.jmxremote -Dspring.jmx.enabled=true -Dspring.liveBeansView.mbeanDomain -Dspring.application.admin.enabled=true -Dmanagement.endpoints.jmx.exposure.include=* -javaagent:C:\Program Files\JetBrains\IntelliJ IDEA 2024.2.0.2\lib\idea_rt.jar=61061:C:\Program Files\JetBrains\IntelliJ IDEA 2024.2.0.2\bin -Dfile.encoding=UTF-8 
java_command: shop.freenanum.trade.TradeApplication
java_class_path (initial): C:\Users\bitcamp\IdeaProjects\freenanum\build\classes\java\main;C:\Users\bitcamp\IdeaProjects\freenanum\build\resources\main;C:\Users\bitcamp\.gradle\caches\modules-2\files-2.1\org.projectlombok\lombok\1.18.34\ec547ef414ab1d2c040118fb9c1c265ada63af14\lombok-1.18.34.jar;C:\Users\bitcamp\.gradle\caches\modules-2\files-2.1\org.springframework.boot\spring-boot-starter-data-jdbc\3.3.3\57282ff552bf8046a409084b5759bab250bee2b\spring-boot-starter-data-jdbc-3.3.3.jar;C:\Users\bitcamp\.gradle\caches\modules-2\files-2.1\org.springframework.boot\spring-boot-starter-data-jpa\3.3.3\7eeb176d6130f7aa83405fe2985fe7cadc11ebc5\spring-boot-starter-data-jpa-3.3.3.jar;C:\Users\bitcamp\.gradle\caches\modules-2\files-2.1\org.springframework.boot\spring-boot-starter-validation\3.3.3\9a585e4c45168f6c37812ab47df3abf869c9c289\spring-boot-starter-validation-3.3.3.jar;C:\Users\bitcamp\.gradle\caches\modules-2\files-2.1\org.springframework.boot\spring-boot-starter-thymeleaf\3.3.3\c2fb77625292dd8fb623e43f500af260239f1a9\spring-boot-starter-thymeleaf-3.3.3.jar;C:\Users\bitcamp\.gradle\caches\modules-2\files-2.1\org.springframework.boot\spring-boot-starter-websocket\3.3.3\4c6e92e649eb730636f9ffaeebaec771547628\spring-boot-starter-websocket-3.3.3.jar;C:\Users\bitcamp\.gradle\caches\modules-2\files-2.1\org.springframework.boot\spring-boot-starter-data-redis\3.3.3\6edd3b871e5d5fd848b453114af735796e318d63\spring-boot-starter-data-redis-3.3.3.jar;C:\Users\bitcamp\.gradle\caches\modules-2\files-2.1\io.lettuce\lettuce-core\6.3.2.RELEASE\29b2aac09256c5fc2e9e9ad1df41c65dad5e557a\lettuce-core-6.3.2.RELEASE.jar;C:\Users\bitcamp\.gradle\caches\modules-2\files-2.1\org.springframework.boot\spring-boot-starter-data-mongodb-reactive\3.3.3\275306779aed53f7e7c19b9082d090099bcf468f\spring-boot-starter-data-mongodb-reactive-3.3.3.jar;C:\Users\bitcamp\.gradle\caches\modules-2\files-2.1\org.springframework.boot\spring-boot-starter-webflux\3.3.3\56b747ef64ef31d23a078f1bbe7ec2ec1eded359\spring-
Launcher Type: SUN_STANDARD

[Global flags]
     intx CICompilerCount                          = 4                                         {product} {ergonomic}
     uint ConcGCThreads                            = 2                                         {product} {ergonomic}
     uint G1ConcRefinementThreads                  = 8                                         {product} {ergonomic}
   size_t G1HeapRegionSize                         = 2097152                                   {product} {ergonomic}
    uintx GCDrainStackTargetSize                   = 64                                        {product} {ergonomic}
   size_t InitialHeapSize                          = 266338304                                 {product} {ergonomic}
     bool ManagementServer                         = true                                      {product} {command line}
   size_t MarkStackSize                            = 4194304                                   {product} {ergonomic}
   size_t MaxHeapSize                              = 4253024256                                {product} {ergonomic}
   size_t MinHeapDeltaBytes                        = 2097152                                   {product} {ergonomic}
   size_t MinHeapSize                              = 8388608                                   {product} {ergonomic}
    uintx NonProfiledCodeHeapSize                  = 0                                      {pd product} {ergonomic}
     bool ProfileInterpreter                       = false                                  {pd product} {command line}
    uintx ProfiledCodeHeapSize                     = 0                                      {pd product} {ergonomic}
   size_t SoftMaxHeapSize                          = 4253024256                             {manageable} {ergonomic}
     intx TieredStopAtLevel                        = 1                                         {product} {command line}
     bool UseCompressedClassPointers               = true                           {product lp64_product} {ergonomic}
     bool UseCompressedOops                        = true                           {product lp64_product} {ergonomic}
     bool UseG1GC                                  = true                                      {product} {ergonomic}
     bool UseLargePagesIndividualAllocation        = false                                  {pd product} {ergonomic}

Logging:
Log output configuration:
 #0: stdout all=warning uptime,level,tags
 #1: stderr all=off uptime,level,tags

Environment Variables:
CLASSPATH=%JAVA_HOME%\lib
PATH=C:\Program Files\Common Files\Oracle\Java\javapath;C:\Program Files (x86)\Common Files\Oracle\Java\java8path;C:\Program Files (x86)\Common Files\Oracle\Java\javapath;C:\Windows\system32;C:\Windows;C:\Windows\System32\Wbem;C:\Windows\System32\WindowsPowerShell\v1.0\;C:\Windows\System32\OpenSSH\;C:\Program Files\Git\cmd;%JAVA_HOME%\bin\;;C:\ProgramData\chocolatey\bin;C:\Program Files (x86)\Yarn\bin\;C:\Program Files\nodejs\;C:\Users\bitcamp\AppData\Local\Microsoft\WindowsApps;C:\Users\bitcamp\AppData\Local\GitHubDesktop\bin;C:\Users\bitcamp\AppData\Local\Programs\Microsoft VS Code\bin;C:\Users\bitcamp\AppData\Local\Yarn\bin;C:\Users\bitcamp\AppData\Local\Microsoft\WinGet\Links;C:\Users\bitcamp\AppData\Roaming\npm
USERNAME=bitcamp
OS=Windows_NT
PROCESSOR_IDENTIFIER=Intel64 Family 6 Model 158 Stepping 13, GenuineIntel
TMP=C:\Users\bitcamp\AppData\Local\Temp
TEMP=C:\Users\bitcamp\AppData\Local\Temp



Periodic native trim disabled

JNI global refs:
JNI global refs: 0, weak refs: 0

JNI global refs memory usage: 0, weak refs: 0

Process memory usage:
Resident Set Size: 46508K (0% of 16611624K total physical memory with 2396800K free physical memory)

OOME stack traces (most recent first):
Classloader memory used:


---------------  S Y S T E M  ---------------

OS:
 Windows 11 , 64 bit Build 22621 (10.0.22621.3958)
OS uptime: 24 days 8:25 hours
Hyper-V role detected

CPU: total 8 (initial active 8) (8 cores per cpu, 1 threads per core) family 6 model 158 stepping 13 microcode 0xec, cx8, cmov, fxsr, mmx, 3dnowpref, sse, sse2, sse3, ssse3, sse4.1, sse4.2, popcnt, lzcnt, tsc, tscinvbit, avx, avx2, aes, erms, clmul, bmi1, bmi2, adx, fma, vzeroupper, clflush, clflushopt, hv
Processor Information for all 8 processors :
  Max Mhz: 3000, Current Mhz: 3000, Mhz Limit: 3000

Memory: 4k page, system-wide physical 16222M (2340M free)
TotalPageFile size 46624M (AvailPageFile size 181M)
current process WorkingSet (physical memory assigned to process): 45M, peak: 45M
current process commit charge ("private bytes"): 89M, peak: 309M

vm_info: OpenJDK 64-Bit Server VM (17.0.11+1-b1312.2) for windows-amd64 JRE (17.0.11+1-b1312.2), built on 2024-06-08 by "builduser" with MS VC++ 16.10 / 16.11 (VS2019)

END.
